<?xml version="1.0" encoding="UTF-8"?>
<testsuite name="perosnal.matcher.service.UserServiceTest" tests="13" skipped="0" failures="0" errors="0" timestamp="2023-01-28T19:12:06" hostname="DESKTOP-OTFKJGP" time="0.105">
  <properties/>
  <testcase name="given_user_with_no_matches_return_optional_of_fake_generated_users()" classname="perosnal.matcher.service.UserServiceTest" time="0.037"/>
  <testcase name="given bio setBio should return FAILURE" classname="perosnal.matcher.service.UserServiceTest" time="0.014"/>
  <testcase name="given biotoo short setBio should return FAILURE" classname="perosnal.matcher.service.UserServiceTest" time="0.002"/>
  <testcase name="given bionull setBio should return FAILURE" classname="perosnal.matcher.service.UserServiceTest" time="0.002"/>
  <testcase name="given bio123456789Test123456789 setBio should return SUCCESS" classname="perosnal.matcher.service.UserServiceTest" time="0.002"/>
  <testcase name="given_user_with_empty_bio_match_should_return_empty()" classname="perosnal.matcher.service.UserServiceTest" time="0.001"/>
  <testcase name="given existing match User(id=validMatch, email=validMatch@testing.te, country=EE, biography=ValidBioWith20CharactersForTesting, image=imageUrl, tracks=[Track1, Track2, Track3, Track4, Track5], artists=null, matches=[], blocked=[]) and blocked user null, if user is blocked by match=false and match in filter is User(id=validMatch, email=validMatch@testing.te, country=EE, biography=ValidBioWith20CharactersForTesting, image=imageUrl, tracks=[Track1, Track2, Track3, Track4, Track5], artists=null, matches=[], blocked=[]) result should be empty? true" classname="perosnal.matcher.service.UserServiceTest" time="0.001"/>
  <testcase name="given existing match null and blocked user null, if user is blocked by match=false and match in filter is User(id=emptyBioUser, email=emptyBio@testing.te, country=EE, biography=null, image=imageUrl, tracks=[Track1, Track2, Track3, Track4, Track5], artists=null, matches=[], blocked=[]) result should be empty? true" classname="perosnal.matcher.service.UserServiceTest" time="0.001"/>
  <testcase name="given existing match null and blocked user null, if user is blocked by match=false and match in filter is User(id=validMatch, email=validMatch@testing.te, country=EE, biography=ValidBioWith20CharactersForTesting, image=imageUrl, tracks=[Track1, Track2, Track3, Track4, Track5], artists=null, matches=[], blocked=[]) result should be empty? false" classname="perosnal.matcher.service.UserServiceTest" time="0.001"/>
  <testcase name="given existing match null and blocked user User(id=validMatch, email=validMatch@testing.te, country=EE, biography=ValidBioWith20CharactersForTesting, image=imageUrl, tracks=[Track1, Track2, Track3, Track4, Track5], artists=null, matches=[], blocked=[]), if user is blocked by match=false and match in filter is User(id=validMatch, email=validMatch@testing.te, country=EE, biography=ValidBioWith20CharactersForTesting, image=imageUrl, tracks=[Track1, Track2, Track3, Track4, Track5], artists=null, matches=[], blocked=[]) result should be empty? true" classname="perosnal.matcher.service.UserServiceTest" time="0.0"/>
  <testcase name="given existing match User(id=validMatch, email=validMatch@testing.te, country=EE, biography=ValidBioWith20CharactersForTesting, image=imageUrl, tracks=[Track1, Track2, Track3, Track4, Track5], artists=null, matches=[], blocked=[]) and blocked user null, if user is blocked by match=true and match in filter is User(id=validMatch, email=validMatch@testing.te, country=EE, biography=ValidBioWith20CharactersForTesting, image=imageUrl, tracks=[Track1, Track2, Track3, Track4, Track5], artists=null, matches=[], blocked=[]) result should be empty? true" classname="perosnal.matcher.service.UserServiceTest" time="0.001"/>
  <testcase name="given existing match null and blocked user null, if user is blocked by match=true and match in filter is User(id=validMatch, email=validMatch@testing.te, country=EE, biography=ValidBioWith20CharactersForTesting, image=imageUrl, tracks=[Track1, Track2, Track3, Track4, Track5], artists=null, matches=[], blocked=[]) result should be empty? true" classname="perosnal.matcher.service.UserServiceTest" time="0.001"/>
  <testcase name="given_populated_list_of_matches_return_its_optional()" classname="perosnal.matcher.service.UserServiceTest" time="0.002"/>
  <system-out><![CDATA[]]></system-out>
  <system-err><![CDATA[]]></system-err>
</testsuite>
